<?xml version="1.0" encoding="UTF-8"?>
<testng-results ignored="0" total="1" passed="1" failed="0" skipped="0">
  <reporter-output>
  </reporter-output>
  <suite started-at="2022-11-10T12:30:26 IST" name="Default suite" finished-at="2022-11-10T12:30:47 IST" duration-ms="21286">
    <groups>
    </groups>
    <test started-at="2022-11-10T12:30:26 IST" name="Default test" finished-at="2022-11-10T12:30:47 IST" duration-ms="21286">
      <class name="introductio.Extentrepors">
        <test-method is-config="true" signature="extentConfig()[pri:0, instance:introductio.Extentrepors@bae7dc0]" started-at="2022-11-10T12:30:26 IST" name="extentConfig" finished-at="2022-11-10T12:30:26 IST" duration-ms="311" status="PASS">
          <reporter-output>
          </reporter-output>
        </test-method> <!-- extentConfig -->
        <test-method signature="testdemo()[pri:0, instance:introductio.Extentrepors@bae7dc0]" started-at="2022-11-10T12:30:26 IST" name="testdemo" finished-at="2022-11-10T12:30:47 IST" duration-ms="20937" status="PASS">
          <reporter-output>
          </reporter-output>
        </test-method> <!-- testdemo -->
      </class> <!-- introductio.Extentrepors -->
    </test> <!-- Default test -->
  </suite> <!-- Default suite -->
</testng-results>
